<?xml version="1.0" encoding="UTF-8"?>
<!-- Generated by org.testng.reporters.JUnitReportReporter -->
<testsuite hostname="ASHISH-HP" name="mysqlConcept.connectingMysql" tests="3" failures="0" timestamp="15 Feb 2022 12:43:23 GMT" time="1.206" errors="0">
  <testcase name="showtables" time="0.056" classname="mysqlConcept.connectingMysql"/>
  <testcase name="testShowDatabases" time="1.103" classname="mysqlConcept.connectingMysql"/>
  <testcase name="showlistOfEmployes" time="0.047" classname="mysqlConcept.connectingMysql"/>
</testsuite> <!-- mysqlConcept.connectingMysql -->
