<?xml version="1.0" encoding="UTF-8"?>
<!-- Generated by org.testng.reporters.JUnitReportReporter -->
<testsuite hostname="ASHISH-HP" name="parquetFileConcept.CreatingParquetFile" tests="3" failures="0" timestamp="16 Feb 2022 07:08:06 GMT" time="20.383" errors="0">
  <testcase name="removingAParquetFile" time="0.122" classname="parquetFileConcept.CreatingParquetFile"/>
  <testcase name="readingParquetFile" time="2.429" classname="parquetFileConcept.CreatingParquetFile"/>
  <testcase name="creatingParquetFile" time="17.832" classname="parquetFileConcept.CreatingParquetFile"/>
</testsuite> <!-- parquetFileConcept.CreatingParquetFile -->
